Running Jupyter-Book v1.0.4.post1
Source Folder: /Users/claudiorojas/apuntes_2025
Config Path: /Users/claudiorojas/apuntes_2025/_config.yml
Output Path: /Users/claudiorojas/apuntes_2025/_build/html
[01mRunning Sphinx v7.4.7[39;49;00m
[01mloading translations [en]... [39;49;00mdone
[01mmaking output directory... [39;49;00mdone
[etoc] Changing master_doc to 'intro'
checking bibtex cache... out of date
parsing bibtex file /Users/claudiorojas/apuntes_2025/references.bib... parsed 48 entries
[01mmyst v3.0.1:[39;49;00m MdParserConfig(commonmark_only=False, gfm_only=False, enable_extensions={'colon_fence', 'dollarmath', 'linkify', 'substitution', 'tasklist'}, disable_syntax=[], all_links_external=False, links_external_new_tab=False, url_schemes=('mailto', 'http', 'https'), ref_domains=None, fence_as_directive=set(), number_code_blocks=[], title_to_header=False, heading_anchors=0, heading_slug_func=None, html_meta={}, footnote_transition=True, words_per_minute=200, substitutions={}, linkify_fuzzy_links=True, dmath_allow_labels=True, dmath_allow_space=True, dmath_allow_digits=True, dmath_double_inline=False, update_mathjax=True, mathjax_classes='tex2jax_process|mathjax_process|math|output_area', enable_checkboxes=False, suppress_warnings=[], highlight_code_blocks=True)
[01mmyst-nb v1.1.0:[39;49;00m NbParserConfig(custom_formats={}, metadata_key='mystnb', cell_metadata_key='mystnb', kernel_rgx_aliases={}, eval_name_regex='^[a-zA-Z_][a-zA-Z0-9_]*$', execution_mode='off', execution_cache_path='', execution_excludepatterns=[], execution_timeout=30, execution_in_temp=False, execution_allow_errors=False, execution_raise_on_error=False, execution_show_tb=False, merge_streams=False, render_plugin='default', remove_code_source=False, remove_code_outputs=False, code_prompt_show='Show code cell {type}', code_prompt_hide='Hide code cell {type}', number_source_lines=False, output_stderr='show', render_text_lexer='myst-ansi', render_error_lexer='ipythontb', render_image_options={}, render_figure_options={}, render_markdown_format='commonmark', output_folder='build', append_css=True, metadata_to_fm=False)
Using jupyter-cache at: /Users/claudiorojas/apuntes_2025/_build/.jupyter_cache
[01msphinx-multitoc-numbering v0.1.3:[39;49;00m Loaded
[01mbuilding [mo]: [39;49;00mtargets for 0 po files that are out of date
[01mwriting output... [39;49;00m
[01mbuilding [html]: [39;49;00mtargets for 25 source files that are out of date
[01mupdating environment: [39;49;00m[new config] 25 added, 0 changed, 0 removed
[01mreading sources... [39;49;00m[  4%] [35mBibliograf√≠a[39;49;00m
[01mreading sources... [39;49;00m[  8%] [35mDatos[39;49;00m
[01mreading sources... [39;49;00m[ 12%] [35mDatos_ORIGINAL[39;49;00m
[01mreading sources... [39;49;00m[ 16%] [35mDeepfakes[39;49;00m
[01mreading sources... [39;49;00m[ 20%] [35mDeepfakes_ORIGINAL[39;49;00m
[01mreading sources... [39;49;00m[ 24%] [35mElecci√≥n de IA[39;49;00m
[01mreading sources... [39;49;00m[ 28%] [35mHerramientas para la IA Generativa[39;49;00m
[01mreading sources... [39;49;00m[ 32%] [35mIA en la Vida Cotidiana[39;49;00m
[01mreading sources... [39;49;00m[ 36%] [35mInteligencia Artificial I[39;49;00m
[01mreading sources... [39;49;00m[ 40%] [35mInteligencia Artificial II[39;49;00m
[01mreading sources... [39;49;00m[ 44%] [35mInteligencia Artificial III[39;49;00m
[01mreading sources... [39;49;00m[ 48%] [35mMarkdown II[39;49;00m
[01mreading sources... [39;49;00m[ 52%] [35mMitos y Realidades[39;49;00m
[01mreading sources... [39;49;00m[ 56%] [35mMitos y Realidades II[39;49;00m
[01mreading sources... [39;49;00m[ 60%] [35mPrompt[39;49;00m
[01mreading sources... [39;49;00m[ 64%] [35mProyectos[39;49;00m
[01mreading sources... [39;49;00m[ 68%] [35mREADME[39;49;00m
[01mreading sources... [39;49;00m[ 72%] [35mSesgos[39;49;00m
[01mreading sources... [39;49;00m[ 76%] [35mSesgos_ORIGINAL[39;49;00m
[01mreading sources... [39;49;00m[ 80%] [35mTips de Jupyterbook[39;49;00m
[01mreading sources... [39;49;00m[ 84%] [35mUntitled[39;49;00m
[01mreading sources... [39;49;00m[ 88%] [35mintro[39;49;00m
[01mreading sources... [39;49;00m[ 92%] [35mmarkdown[39;49;00m
[01mreading sources... [39;49;00m[ 96%] [35mmarkdown-notebooks[39;49;00m
[01mreading sources... [39;49;00m[100%] [35mnotebooks[39;49;00m

[91m/Users/claudiorojas/apuntes_2025/Herramientas para la IA Generativa.ipynb:230002: WARNING: image file not readable: attachment:3fbdc8b4-0419-43cf-8ce1-1612606403f5.jpg[39;49;00m
[91m/Users/claudiorojas/apuntes_2025/Inteligencia Artificial II.ipynb:10002: WARNING: Document headings start at H2, not H1 [myst.header][39;49;00m
[91m/Users/claudiorojas/apuntes_2025/Inteligencia Artificial II.ipynb:20005: WARNING: image file not readable: Users/claudiorojas/apuntes_2025/LineaTemporalIAAlta-2.jpg[39;49;00m
[91m/Users/claudiorojas/apuntes_2025/Markdown II.ipynb:50002: WARNING: Non-consecutive header level increase; H1 to H3 [myst.header][39;49;00m
[91m/Users/claudiorojas/apuntes_2025/Markdown II.ipynb:70002: WARNING: Non-consecutive header level increase; H1 to H3 [myst.header][39;49;00m
[91m/Users/claudiorojas/apuntes_2025/Markdown II.ipynb:80002: WARNING: Non-consecutive header level increase; H1 to H3 [myst.header][39;49;00m
[91m/Users/claudiorojas/apuntes_2025/Markdown II.ipynb:90002: WARNING: Non-consecutive header level increase; H1 to H3 [myst.header][39;49;00m
[91m/Users/claudiorojas/apuntes_2025/Markdown II.ipynb:110002: WARNING: Non-consecutive header level increase; H1 to H3 [myst.header][39;49;00m
[91m/Users/claudiorojas/apuntes_2025/Markdown II.ipynb:120002: WARNING: Non-consecutive header level increase; H1 to H3 [myst.header][39;49;00m
[91m/Users/claudiorojas/apuntes_2025/Markdown II.ipynb:130002: WARNING: Non-consecutive header level increase; H1 to H3 [myst.header][39;49;00m
[91m/Users/claudiorojas/apuntes_2025/Markdown II.ipynb:260002: WARNING: Non-consecutive header level increase; H1 to H3 [myst.header][39;49;00m
[91m/Users/claudiorojas/apuntes_2025/Markdown II.ipynb:300002: WARNING: Non-consecutive header level increase; H1 to H3 [myst.header][39;49;00m
[91m/Users/claudiorojas/apuntes_2025/Markdown II.ipynb:310002: WARNING: Non-consecutive header level increase; H1 to H3 [myst.header][39;49;00m
[91m/Users/claudiorojas/apuntes_2025/Markdown II.ipynb:320002: WARNING: Non-consecutive header level increase; H1 to H3 [myst.header][39;49;00m
[91m/Users/claudiorojas/apuntes_2025/Mitos y Realidades II.ipynb:200002: WARNING: Non-consecutive header level increase; H2 to H4 [myst.header][39;49;00m
[91m/Users/claudiorojas/apuntes_2025/Tips de Jupyterbook.ipynb:10002: WARNING: Unknown interpreted text role "rolename". [myst.role_unknown][39;49;00m
[91m/Users/claudiorojas/apuntes_2025/intro.md:: WARNING: toctree contains reference to nonexisting document 'references.bib' [etoc.ref][39;49;00m

[91mExtension error (sphinxcontrib.bibtex.domain):[39;49;00m
Handler <function env_updated at 0x106d28d60> for event 'env-updated' threw an exception (exception: 'Style' object has no attribute 'format_report')
Traceback (most recent call last):
  File "/Users/claudiorojas/anaconda3/lib/python3.11/site-packages/pybtex/style/formatting/__init__.py", line 67, in format_entry
    get_template = getattr(self, 'get_{}_template'.format(entry.type))
                   ^^^^^^^^^^^^^^^^^^^^^^^^^^^^^^^^^^^^^^^^^^^^^^^^^^^
AttributeError: 'Style' object has no attribute 'get_report_template'. Did you mean: 'get_techreport_template'?

During handling of the above exception, another exception occurred:

Traceback (most recent call last):
  File "/Users/claudiorojas/anaconda3/lib/python3.11/site-packages/sphinx/events.py", line 98, in emit
    results.append(listener.handler(self.app, *args))
                   ^^^^^^^^^^^^^^^^^^^^^^^^^^^^^^^^^
  File "/Users/claudiorojas/anaconda3/lib/python3.11/site-packages/sphinxcontrib/bibtex/domain.py", line 227, in env_updated
    return domain.env_updated()
           ^^^^^^^^^^^^^^^^^^^^
  File "/Users/claudiorojas/anaconda3/lib/python3.11/site-packages/sphinxcontrib/bibtex/domain.py", line 354, in env_updated
    for entry, formatted_entry, tooltip_entry in self.get_formatted_entries(
  File "/Users/claudiorojas/anaconda3/lib/python3.11/site-packages/sphinxcontrib/bibtex/domain.py", line 583, in get_formatted_entries
    style.format_entry(bibliography.labelprefix + label, entry),
    ^^^^^^^^^^^^^^^^^^^^^^^^^^^^^^^^^^^^^^^^^^^^^^^^^^^^^^^^^^^
  File "/Users/claudiorojas/anaconda3/lib/python3.11/site-packages/pybtex/style/formatting/__init__.py", line 69, in format_entry
    format_method = getattr(self, "format_" + entry.type)
                    ^^^^^^^^^^^^^^^^^^^^^^^^^^^^^^^^^^^^^
AttributeError: 'Style' object has no attribute 'format_report'. Did you mean: 'format_entry'?

The above exception was the direct cause of the following exception:

Traceback (most recent call last):
  File "/Users/claudiorojas/anaconda3/lib/python3.11/site-packages/jupyter_book/sphinx.py", line 167, in build_sphinx
    app.build(force_all, filenames)
  File "/Users/claudiorojas/anaconda3/lib/python3.11/site-packages/sphinx/application.py", line 378, in build
    self.builder.build_update()
  File "/Users/claudiorojas/anaconda3/lib/python3.11/site-packages/sphinx/builders/__init__.py", line 297, in build_update
    self.build(to_build,
  File "/Users/claudiorojas/anaconda3/lib/python3.11/site-packages/sphinx/builders/__init__.py", line 318, in build
    updated_docnames = set(self.read())
                           ^^^^^^^^^^^
  File "/Users/claudiorojas/anaconda3/lib/python3.11/site-packages/sphinx/builders/__init__.py", line 462, in read
    for retval in self.events.emit('env-updated', self.env):
                  ^^^^^^^^^^^^^^^^^^^^^^^^^^^^^^^^^^^^^^^^^
  File "/Users/claudiorojas/anaconda3/lib/python3.11/site-packages/sphinx/events.py", line 109, in emit
    raise ExtensionError(
sphinx.errors.ExtensionError: Handler <function env_updated at 0x106d28d60> for event 'env-updated' threw an exception (exception: 'Style' object has no attribute 'format_report')

The above exception was the direct cause of the following exception:

Traceback (most recent call last):
  File "/Users/claudiorojas/anaconda3/bin/jupyter-book", line 8, in <module>
    sys.exit(main())
             ^^^^^^
  File "/Users/claudiorojas/anaconda3/lib/python3.11/site-packages/click/core.py", line 1161, in __call__
    return self.main(*args, **kwargs)
           ^^^^^^^^^^^^^^^^^^^^^^^^^^
  File "/Users/claudiorojas/anaconda3/lib/python3.11/site-packages/click/core.py", line 1082, in main
    rv = self.invoke(ctx)
         ^^^^^^^^^^^^^^^^
  File "/Users/claudiorojas/anaconda3/lib/python3.11/site-packages/click/core.py", line 1697, in invoke
    return _process_result(sub_ctx.command.invoke(sub_ctx))
                           ^^^^^^^^^^^^^^^^^^^^^^^^^^^^^^^
  File "/Users/claudiorojas/anaconda3/lib/python3.11/site-packages/click/core.py", line 1443, in invoke
    return ctx.invoke(self.callback, **ctx.params)
           ^^^^^^^^^^^^^^^^^^^^^^^^^^^^^^^^^^^^^^^
  File "/Users/claudiorojas/anaconda3/lib/python3.11/site-packages/click/core.py", line 788, in invoke
    return __callback(*args, **kwargs)
           ^^^^^^^^^^^^^^^^^^^^^^^^^^^
  File "/Users/claudiorojas/anaconda3/lib/python3.11/site-packages/jupyter_book/cli/main.py", line 317, in build
    builder_specific_actions(
  File "/Users/claudiorojas/anaconda3/lib/python3.11/site-packages/jupyter_book/cli/main.py", line 528, in builder_specific_actions
    raise RuntimeError(_message_box(msg, color="red", doprint=False)) from result
RuntimeError: 
[91m===============================================================================[0m

There was an error in building your book. Look above for the cause.

[91m===============================================================================[0m

